<?xml version="1.0" encoding="UTF-8"?>
<!-- Generated by org.testng.reporters.JUnitReportReporter -->
<testsuite hostname="DESKTOP-99J7IHT" failures="0" tests="1" name="runners.TestAccessibilityCompliance" time="9.528" errors="0" timestamp="2023-10-15T08:59:19 EDT" skipped="0">
  <testcase classname="runners.TestAccessibilityCompliance" name="testOne" time="9.528"/>
</testsuite> <!-- runners.TestAccessibilityCompliance -->
